<?xml version="1.0" encoding="UTF-8"?>
<!-- Generated by org.testng.reporters.JUnitReportReporter -->
<testsuite hostname="Sciencefreek" failures="0" tests="1" name="com.learning.testng.TestNGGroups2" time="0.006" errors="0" timestamp="2023-11-01T10:38:38 IST" skipped="0">
  <testcase classname="com.learning.testng.TestNGGroups2" name="testCase4" time="0.006"/>
  <system-out/>
</testsuite> <!-- com.learning.testng.TestNGGroups2 -->
