<?xml version="1.0" encoding="UTF-8"?>
<!-- Generated by org.testng.reporters.JUnitReportReporter -->
<testsuite hostname="Sciencefreek" failures="0" tests="1" name="com.learning.testng.TestNGGroups3" time="0.001" errors="0" timestamp="2023-11-01T11:10:10 IST" skipped="0">
  <testcase classname="com.learning.testng.TestNGGroups3" name="testCase001" time="0.001"/>
  <system-out/>
</testsuite> <!-- com.learning.testng.TestNGGroups3 -->
