<?xml version="1.0" encoding="UTF-8"?>
<!-- Generated by org.testng.reporters.JUnitReportReporter -->
<testsuite hostname="Sciencefreek" failures="0" tests="2" name="com.learning.testng.Test_Script1" time="14.442" errors="0" timestamp="2023-11-07T11:11:02 IST" skipped="1">
  <testcase classname="com.learning.testng.Test_Script1" name="test_case2" time="14.442"/>
  <system-out/>
  <testcase classname="com.learning.testng.Test_Script1" name="test_tase1">
    <skipped/>
  </testcase> <!-- test_tase1 -->
  <system-out/>
</testsuite> <!-- com.learning.testng.Test_Script1 -->
