<?xml version="1.0" encoding="UTF-8"?>
<!-- Generated by org.testng.reporters.JUnitReportReporter -->
<testsuite hostname="Sciencefreek" failures="0" tests="3" name="com.learning.testng.TestNgInvocation" time="12.382" errors="0" timestamp="2023-11-02T10:33:36 IST" skipped="0">
  <testcase classname="com.learning.testng.TestNgInvocation" name="launchFacebook" time="3.647"/>
  <system-out/>
  <testcase classname="com.learning.testng.TestNgInvocation" name="launchFacebook" time="3.512"/>
  <system-out/>
  <testcase classname="com.learning.testng.TestNgInvocation" name="launchFacebook" time="5.223"/>
  <system-out/>
</testsuite> <!-- com.learning.testng.TestNgInvocation -->
