<?xml version="1.0" encoding="UTF-8"?>
<!-- Generated by org.testng.reporters.JUnitReportReporter -->
<testsuite hostname="Sciencefreek" failures="0" tests="2" name="com.learning.testng.TestNGGroups1" time="0.013" errors="0" timestamp="2023-11-01T11:10:10 IST" skipped="0">
  <testcase classname="com.learning.testng.TestNGGroups1" name="testCase2" time="0.010"/>
  <system-out/>
  <testcase classname="com.learning.testng.TestNGGroups1" name="testCase3" time="0.003"/>
  <system-out/>
</testsuite> <!-- com.learning.testng.TestNGGroups1 -->
