<?xml version="1.0" encoding="UTF-8"?>
<!-- Generated by org.testng.reporters.JUnitReportReporter -->
<testsuite hostname="Sciencefreek" failures="0" tests="1" name="com.learning.testng.TestNGParameter" time="8.685" errors="0" timestamp="2023-11-03T10:18:44 IST" skipped="0">
  <testcase classname="com.learning.testng.TestNGParameter" name="testDataParameterizationThroughXML" time="8.685"/>
  <system-out/>
</testsuite> <!-- com.learning.testng.TestNGParameter -->
