<?xml version="1.0" encoding="UTF-8"?>
<!-- Generated by org.testng.reporters.JUnitReportReporter -->
<testsuite hostname="Sciencefreek" failures="0" tests="4" name="com.learning.testng.TestNgParallel1" time="38.216" errors="0" timestamp="2023-11-02T10:24:41 IST" skipped="0">
  <testcase classname="com.learning.testng.TestNgParallel1" name="launchFacebook" time="11.554"/>
  <system-out/>
  <testcase classname="com.learning.testng.TestNgParallel1" name="launchYahoo" time="9.439"/>
  <system-out/>
  <testcase classname="com.learning.testng.TestNgParallel1" name="launchFacebook" time="10.929"/>
  <system-out/>
  <testcase classname="com.learning.testng.TestNgParallel1" name="launchYahoo" time="6.294"/>
  <system-out/>
</testsuite> <!-- com.learning.testng.TestNgParallel1 -->
