<?xml version="1.0" encoding="UTF-8"?>
<!-- Generated by org.testng.reporters.JUnitReportReporter -->
<testsuite hostname="Sciencefreek" failures="0" tests="2" name="com.learning.testng.W3Schools_Profile" time="71.246" errors="0" timestamp="2023-11-09T17:34:10 IST" skipped="1">
  <testcase classname="com.learning.testng.W3Schools_Profile" name="test_case1" time="71.246"/>
  <system-out/>
  <testcase classname="com.learning.testng.W3Schools_Profile" name="test_Case2">
    <skipped/>
  </testcase> <!-- test_Case2 -->
  <system-out/>
</testsuite> <!-- com.learning.testng.W3Schools_Profile -->
