<?xml version="1.0" encoding="UTF-8"?>
<!-- Generated by org.testng.reporters.JUnitReportReporter -->
<testsuite hostname="Sciencefreek" failures="0" tests="2" name="com.learning.testng.TestNgParallel2" time="43.363" errors="0" timestamp="2023-11-02T10:24:41 IST" skipped="0">
  <testcase classname="com.learning.testng.TestNgParallel2" name="launchYahoo" time="33.788"/>
  <system-out/>
  <testcase classname="com.learning.testng.TestNgParallel2" name="launchGoogle" time="9.575"/>
  <system-out/>
</testsuite> <!-- com.learning.testng.TestNgParallel2 -->
