<?xml version="1.0" encoding="UTF-8"?>
<!-- Generated by org.testng.reporters.JUnitReportReporter -->
<testsuite hostname="Sciencefreek" failures="0" tests="3" name="com.learning.testng.TestNGAnnotations" time="0.032" errors="0" timestamp="2023-10-31T11:59:01 IST" skipped="1">
  <testcase classname="com.learning.testng.TestNGAnnotations" name="testCase3" time="0.006"/>
  <system-out/>
  <testcase classname="com.learning.testng.TestNGAnnotations" name="testCase1" time="0.026"/>
  <system-out/>
  <testcase classname="com.learning.testng.TestNGAnnotations" name="testCase2">
    <skipped/>
  </testcase> <!-- testCase2 -->
  <system-out/>
</testsuite> <!-- com.learning.testng.TestNGAnnotations -->
