<?xml version="1.0" encoding="UTF-8"?>
<!-- Generated by org.testng.reporters.JUnitReportReporter -->
<testsuite hostname="Sciencefreek" failures="0" tests="3" name="com.learning.testng.TestNGAnnotations1" time="0.022" errors="0" timestamp="2023-10-31T12:14:12 IST" skipped="1">
  <testcase classname="com.learning.testng.TestNGAnnotations1" name="testCase_2" time="0.016"/>
  <system-out/>
  <testcase classname="com.learning.testng.TestNGAnnotations1" name="testCase_1" time="0.006"/>
  <system-out/>
  <testcase classname="com.learning.testng.TestNGAnnotations1" name="testCase_3">
    <skipped/>
  </testcase> <!-- testCase_3 -->
  <system-out/>
</testsuite> <!-- com.learning.testng.TestNGAnnotations1 -->
