<?xml version="1.0" encoding="UTF-8"?>
<!-- Generated by org.testng.reporters.JUnitReportReporter -->
<testsuite hostname="Sciencefreek" failures="0" tests="4" name="com.learning.testng.TestNGDataprovider" time="37.056" errors="0" timestamp="2023-11-03T10:51:13 IST" skipped="0">
  <testcase classname="com.learning.testng.TestNGDataprovider" name="testDataParameterizationThroughDataprovider" time="8.441"/>
  <system-out/>
  <testcase classname="com.learning.testng.TestNGDataprovider" name="testDataParameterizationThroughDataprovider" time="8.078"/>
  <system-out/>
  <testcase classname="com.learning.testng.TestNGDataprovider" name="testDataParameterizationThroughDataprovider" time="9.129"/>
  <system-out/>
  <testcase classname="com.learning.testng.TestNGDataprovider" name="testDataParameterizationThroughDataprovider" time="11.408"/>
  <system-out/>
</testsuite> <!-- com.learning.testng.TestNGDataprovider -->
